0 info it worked if it ends with ok
1 verbose cli [ 'C:\\Program Files\\nodejs\\node.exe',
1 verbose cli   'C:\\Program Files\\nodejs\\node_modules\\npm\\bin\\npm-cli.js',
1 verbose cli   'start' ]
2 info using npm@3.10.8
3 info using node@v6.8.1
4 verbose run-script [ 'prestart', 'start', 'poststart' ]
5 info lifecycle adapt.analyzer.web@0.0.1~prestart: adapt.analyzer.web@0.0.1
6 silly lifecycle adapt.analyzer.web@0.0.1~prestart: no script for prestart, continuing
7 info lifecycle adapt.analyzer.web@0.0.1~start: adapt.analyzer.web@0.0.1
8 verbose lifecycle adapt.analyzer.web@0.0.1~start: unsafe-perm in lifecycle true
9 verbose lifecycle adapt.analyzer.web@0.0.1~start: PATH: C:\Program Files\nodejs\node_modules\npm\bin\node-gyp-bin;C:\source\adapt-viewer\Adapt.Analyzer\Web\node_modules\.bin;C:\Program Files\Python35\Scripts\;C:\Program Files\Python35\;C:\ProgramData\Oracle\Java\javapath;C:\Program Files (x86)\Intel\iCLS Client\;C:\Program Files\Intel\iCLS Client\;C:\Windows\system32;C:\Windows;C:\Windows\System32\Wbem;C:\Windows\System32\WindowsPowerShell\v1.0\;C:\ProgramData\chocolatey\bin;C:\Program Files\Microsoft SQL Server\Client SDK\ODBC\110\Tools\Binn\;C:\Program Files (x86)\Microsoft SQL Server\120\Tools\Binn\;C:\Program Files\Microsoft SQL Server\120\Tools\Binn\;C:\Program Files\Microsoft SQL Server\120\DTS\Binn\;C:\Program Files (x86)\Microsoft SQL Server\120\Tools\Binn\ManagementStudio\;C:\Program Files (x86)\Microsoft SQL Server\120\DTS\Binn\;C:\Program Files\Microsoft SQL Server\110\Tools\Binn\;C:\Program Files (x86)\Microsoft SDKs\TypeScript\1.0\;C:\Users\bryce\.dnx\bin;C:\Program Files\Microsoft DNX\Dnvm\;C:\Python27;C:\Program Files (x86)\NVIDIA Corporation\PhysX\Common;C:\Program Files\Microsoft\Web Platform Installer\;C:\Program Files (x86)\Microsoft SDKs\Azure\CLI\wbin;C:\Program Files (x86)\Brackets\command;C:\WINDOWS\system32;C:\WINDOWS;C:\WINDOWS\System32\Wbem;C:\WINDOWS\System32\WindowsPowerShell\v1.0\;C:\Program Files (x86)\Intel\Intel(R) Management Engine Components\DAL;C:\Program Files\Intel\Intel(R) Management Engine Components\DAL;C:\Program Files (x86)\Intel\Intel(R) Management Engine Components\IPT;C:\Program Files\Intel\Intel(R) Management Engine Components\IPT;C:\Program Files\Intel\WiFi\bin\;C:\Program Files\Common Files\Intel\WirelessCommon\;C:\Go\bin;C:\Program Files (x86)\Windows Live\Shared;C:\Program Files\Microsoft SQL Server\130\Tools\Binn\;C:\Program Files\dotnet\bin;C:\Program Files\Microsoft Service Fabric\bin\Fabric\Fabric.Code;C:\Program Files\Microsoft SDKs\Service Fabric\Tools\ServiceFabricLocalClusterManager;C:\Program Files (x86)\Windows Kits\10\Windows Performance Toolkit\;C:\Program Files\Git\cmd;C:\Program Files (x86)\Microsoft SQL Server\110\DTS\Binn\;C:\Program Files (x86)\Microsoft SQL Server\130\DTS\Binn\;C:\HashiCorp\Vagrant\bin;C:\Program Files\dotnet\;C:\Program Files (x86)\Microsoft Emulator Manager\1.0\;C:\Program Files\nodejs\;C:\Program Files (x86)\Yarn\bin;C:\Program Files (x86)\Elm Platform\0.17.1\bin;C:\Users\bryce\.dnx\bin;C:\Users\bryce\AppData\Local\atom\bin;C:\Program Files (x86)\Microsoft VS Code\bin;C:\Program Files\Intel\WiFi\bin\;C:\Program Files\Common Files\Intel\WirelessCommon\;C:\Go\bin;C:\Program Files (x86)\nodejs;C:\Users\bryce\AppData\Local\Microsoft\WindowsApps;C:\PROGRA~2\Oracle\VirtualBox;C:\Program Files\Python35;C:\Users\bryce\AppData\Roaming\npm
10 verbose lifecycle adapt.analyzer.web@0.0.1~start: CWD: C:\source\adapt-viewer\Adapt.Analyzer\Web
11 silly lifecycle adapt.analyzer.web@0.0.1~start: Args: [ '/d /s /c',
11 silly lifecycle   'webpack-dev-server --config ./webpack.local.js --progress --colors --inline --hot' ]
12 silly lifecycle adapt.analyzer.web@0.0.1~start: Returned: code: 3221225786  signal: null
13 info lifecycle adapt.analyzer.web@0.0.1~start: Failed to exec start script
14 verbose stack Error: adapt.analyzer.web@0.0.1 start: `webpack-dev-server --config ./webpack.local.js --progress --colors --inline --hot`
14 verbose stack Exit status 3221225786
14 verbose stack     at EventEmitter.<anonymous> (C:\Program Files\nodejs\node_modules\npm\lib\utils\lifecycle.js:255:16)
14 verbose stack     at emitTwo (events.js:106:13)
14 verbose stack     at EventEmitter.emit (events.js:191:7)
14 verbose stack     at ChildProcess.<anonymous> (C:\Program Files\nodejs\node_modules\npm\lib\utils\spawn.js:40:14)
14 verbose stack     at emitTwo (events.js:106:13)
14 verbose stack     at ChildProcess.emit (events.js:191:7)
14 verbose stack     at maybeClose (internal/child_process.js:877:16)
14 verbose stack     at Process.ChildProcess._handle.onexit (internal/child_process.js:226:5)
15 verbose pkgid adapt.analyzer.web@0.0.1
16 verbose cwd C:\source\adapt-viewer\Adapt.Analyzer\Web
17 error Windows_NT 10.0.14393
18 error argv "C:\\Program Files\\nodejs\\node.exe" "C:\\Program Files\\nodejs\\node_modules\\npm\\bin\\npm-cli.js" "start"
19 error node v6.8.1
20 error npm  v3.10.8
21 error code ELIFECYCLE
22 error adapt.analyzer.web@0.0.1 start: `webpack-dev-server --config ./webpack.local.js --progress --colors --inline --hot`
22 error Exit status 3221225786
23 error Failed at the adapt.analyzer.web@0.0.1 start script 'webpack-dev-server --config ./webpack.local.js --progress --colors --inline --hot'.
23 error Make sure you have the latest version of node.js and npm installed.
23 error If you do, this is most likely a problem with the adapt.analyzer.web package,
23 error not with npm itself.
23 error Tell the author that this fails on your system:
23 error     webpack-dev-server --config ./webpack.local.js --progress --colors --inline --hot
23 error You can get information on how to open an issue for this project with:
23 error     npm bugs adapt.analyzer.web
23 error Or if that isn't available, you can get their info via:
23 error     npm owner ls adapt.analyzer.web
23 error There is likely additional logging output above.
24 verbose exit [ 1, true ]
